<?xml version="1.0" encoding="UTF-8"?>
<testsuite xmlns:xsi="http://www.w3.org/2001/XMLSchema-instance" xsi:noNamespaceSchemaLocation="https://maven.apache.org/surefire/maven-surefire-plugin/xsd/surefire-test-report.xsd" name="com.xcc.ConsumerServerApplicationTests" time="11.667" tests="1" errors="0" skipped="0" failures="0">
  <properties>
    <property name="sun.desktop" value="windows"/>
    <property name="awt.toolkit" value="sun.awt.windows.WToolkit"/>
    <property name="file.encoding.pkg" value="sun.io"/>
    <property name="java.specification.version" value="1.8"/>
    <property name="sun.cpu.isalist" value="amd64"/>
    <property name="sun.jnu.encoding" value="GBK"/>
    <property name="java.class.path" value="E:\IntelliJ IDEA 2021.3.1\springboot\dubbo_zookeeper\consumer-server\target\test-classes;E:\IntelliJ IDEA 2021.3.1\springboot\dubbo_zookeeper\consumer-server\target\classes;E:\apache-maven-3.8.4-bin\apache-maven-3.8.4\mavenLib\org\springframework\boot\spring-boot-starter-web\2.6.3\spring-boot-starter-web-2.6.3.jar;E:\apache-maven-3.8.4-bin\apache-maven-3.8.4\mavenLib\org\springframework\boot\spring-boot-starter\2.6.5\spring-boot-starter-2.6.5.jar;E:\apache-maven-3.8.4-bin\apache-maven-3.8.4\mavenLib\org\springframework\boot\spring-boot-starter-logging\2.6.5\spring-boot-starter-logging-2.6.5.jar;E:\apache-maven-3.8.4-bin\apache-maven-3.8.4\mavenLib\ch\qos\logback\logback-classic\1.2.11\logback-classic-1.2.11.jar;E:\apache-maven-3.8.4-bin\apache-maven-3.8.4\mavenLib\ch\qos\logback\logback-core\1.2.11\logback-core-1.2.11.jar;E:\apache-maven-3.8.4-bin\apache-maven-3.8.4\mavenLib\org\apache\logging\log4j\log4j-to-slf4j\2.17.2\log4j-to-slf4j-2.17.2.jar;E:\apache-maven-3.8.4-bin\apache-maven-3.8.4\mavenLib\org\apache\logging\log4j\log4j-api\2.17.2\log4j-api-2.17.2.jar;E:\apache-maven-3.8.4-bin\apache-maven-3.8.4\mavenLib\org\slf4j\jul-to-slf4j\1.7.36\jul-to-slf4j-1.7.36.jar;E:\apache-maven-3.8.4-bin\apache-maven-3.8.4\mavenLib\jakarta\annotation\jakarta.annotation-api\1.3.5\jakarta.annotation-api-1.3.5.jar;E:\apache-maven-3.8.4-bin\apache-maven-3.8.4\mavenLib\org\springframework\boot\spring-boot-starter-json\2.6.5\spring-boot-starter-json-2.6.5.jar;E:\apache-maven-3.8.4-bin\apache-maven-3.8.4\mavenLib\com\fasterxml\jackson\core\jackson-databind\2.13.2\jackson-databind-2.13.2.jar;E:\apache-maven-3.8.4-bin\apache-maven-3.8.4\mavenLib\com\fasterxml\jackson\core\jackson-annotations\2.13.2\jackson-annotations-2.13.2.jar;E:\apache-maven-3.8.4-bin\apache-maven-3.8.4\mavenLib\com\fasterxml\jackson\core\jackson-core\2.13.2\jackson-core-2.13.2.jar;E:\apache-maven-3.8.4-bin\apache-maven-3.8.4\mavenLib\com\fasterxml\jackson\datatype\jackson-datatype-jdk8\2.13.2\jackson-datatype-jdk8-2.13.2.jar;E:\apache-maven-3.8.4-bin\apache-maven-3.8.4\mavenLib\com\fasterxml\jackson\datatype\jackson-datatype-jsr310\2.13.2\jackson-datatype-jsr310-2.13.2.jar;E:\apache-maven-3.8.4-bin\apache-maven-3.8.4\mavenLib\com\fasterxml\jackson\module\jackson-module-parameter-names\2.13.2\jackson-module-parameter-names-2.13.2.jar;E:\apache-maven-3.8.4-bin\apache-maven-3.8.4\mavenLib\org\springframework\boot\spring-boot-starter-tomcat\2.6.5\spring-boot-starter-tomcat-2.6.5.jar;E:\apache-maven-3.8.4-bin\apache-maven-3.8.4\mavenLib\org\apache\tomcat\embed\tomcat-embed-core\9.0.60\tomcat-embed-core-9.0.60.jar;E:\apache-maven-3.8.4-bin\apache-maven-3.8.4\mavenLib\org\apache\tomcat\embed\tomcat-embed-el\9.0.60\tomcat-embed-el-9.0.60.jar;E:\apache-maven-3.8.4-bin\apache-maven-3.8.4\mavenLib\org\apache\tomcat\embed\tomcat-embed-websocket\9.0.60\tomcat-embed-websocket-9.0.60.jar;E:\apache-maven-3.8.4-bin\apache-maven-3.8.4\mavenLib\org\springframework\spring-web\5.3.17\spring-web-5.3.17.jar;E:\apache-maven-3.8.4-bin\apache-maven-3.8.4\mavenLib\org\springframework\spring-beans\5.3.17\spring-beans-5.3.17.jar;E:\apache-maven-3.8.4-bin\apache-maven-3.8.4\mavenLib\org\springframework\spring-webmvc\5.3.17\spring-webmvc-5.3.17.jar;E:\apache-maven-3.8.4-bin\apache-maven-3.8.4\mavenLib\org\springframework\spring-aop\5.3.17\spring-aop-5.3.17.jar;E:\apache-maven-3.8.4-bin\apache-maven-3.8.4\mavenLib\org\springframework\spring-expression\5.3.17\spring-expression-5.3.17.jar;E:\apache-maven-3.8.4-bin\apache-maven-3.8.4\mavenLib\org\apache\dubbo\dubbo\2.7.15\dubbo-2.7.15.jar;E:\apache-maven-3.8.4-bin\apache-maven-3.8.4\mavenLib\org\springframework\spring-context\5.3.17\spring-context-5.3.17.jar;E:\apache-maven-3.8.4-bin\apache-maven-3.8.4\mavenLib\com\alibaba\spring\spring-context-support\1.0.11\spring-context-support-1.0.11.jar;E:\apache-maven-3.8.4-bin\apache-maven-3.8.4\mavenLib\org\javassist\javassist\3.23.1-GA\javassist-3.23.1-GA.jar;E:\apache-maven-3.8.4-bin\apache-maven-3.8.4\mavenLib\io\netty\netty-all\4.1.75.Final\netty-all-4.1.75.Final.jar;E:\apache-maven-3.8.4-bin\apache-maven-3.8.4\mavenLib\io\netty\netty-buffer\4.1.75.Final\netty-buffer-4.1.75.Final.jar;E:\apache-maven-3.8.4-bin\apache-maven-3.8.4\mavenLib\io\netty\netty-codec\4.1.75.Final\netty-codec-4.1.75.Final.jar;E:\apache-maven-3.8.4-bin\apache-maven-3.8.4\mavenLib\io\netty\netty-codec-dns\4.1.75.Final\netty-codec-dns-4.1.75.Final.jar;E:\apache-maven-3.8.4-bin\apache-maven-3.8.4\mavenLib\io\netty\netty-codec-haproxy\4.1.75.Final\netty-codec-haproxy-4.1.75.Final.jar;E:\apache-maven-3.8.4-bin\apache-maven-3.8.4\mavenLib\io\netty\netty-codec-http\4.1.75.Final\netty-codec-http-4.1.75.Final.jar;E:\apache-maven-3.8.4-bin\apache-maven-3.8.4\mavenLib\io\netty\netty-codec-http2\4.1.75.Final\netty-codec-http2-4.1.75.Final.jar;E:\apache-maven-3.8.4-bin\apache-maven-3.8.4\mavenLib\io\netty\netty-codec-memcache\4.1.75.Final\netty-codec-memcache-4.1.75.Final.jar;E:\apache-maven-3.8.4-bin\apache-maven-3.8.4\mavenLib\io\netty\netty-codec-mqtt\4.1.75.Final\netty-codec-mqtt-4.1.75.Final.jar;E:\apache-maven-3.8.4-bin\apache-maven-3.8.4\mavenLib\io\netty\netty-codec-redis\4.1.75.Final\netty-codec-redis-4.1.75.Final.jar;E:\apache-maven-3.8.4-bin\apache-maven-3.8.4\mavenLib\io\netty\netty-codec-smtp\4.1.75.Final\netty-codec-smtp-4.1.75.Final.jar;E:\apache-maven-3.8.4-bin\apache-maven-3.8.4\mavenLib\io\netty\netty-codec-socks\4.1.75.Final\netty-codec-socks-4.1.75.Final.jar;E:\apache-maven-3.8.4-bin\apache-maven-3.8.4\mavenLib\io\netty\netty-codec-stomp\4.1.75.Final\netty-codec-stomp-4.1.75.Final.jar;E:\apache-maven-3.8.4-bin\apache-maven-3.8.4\mavenLib\io\netty\netty-codec-xml\4.1.75.Final\netty-codec-xml-4.1.75.Final.jar;E:\apache-maven-3.8.4-bin\apache-maven-3.8.4\mavenLib\io\netty\netty-common\4.1.75.Final\netty-common-4.1.75.Final.jar;E:\apache-maven-3.8.4-bin\apache-maven-3.8.4\mavenLib\io\netty\netty-handler-proxy\4.1.75.Final\netty-handler-proxy-4.1.75.Final.jar;E:\apache-maven-3.8.4-bin\apache-maven-3.8.4\mavenLib\io\netty\netty-resolver\4.1.75.Final\netty-resolver-4.1.75.Final.jar;E:\apache-maven-3.8.4-bin\apache-maven-3.8.4\mavenLib\io\netty\netty-resolver-dns\4.1.75.Final\netty-resolver-dns-4.1.75.Final.jar;E:\apache-maven-3.8.4-bin\apache-maven-3.8.4\mavenLib\io\netty\netty-transport\4.1.75.Final\netty-transport-4.1.75.Final.jar;E:\apache-maven-3.8.4-bin\apache-maven-3.8.4\mavenLib\io\netty\netty-transport-rxtx\4.1.75.Final\netty-transport-rxtx-4.1.75.Final.jar;E:\apache-maven-3.8.4-bin\apache-maven-3.8.4\mavenLib\io\netty\netty-transport-sctp\4.1.75.Final\netty-transport-sctp-4.1.75.Final.jar;E:\apache-maven-3.8.4-bin\apache-maven-3.8.4\mavenLib\io\netty\netty-transport-udt\4.1.75.Final\netty-transport-udt-4.1.75.Final.jar;E:\apache-maven-3.8.4-bin\apache-maven-3.8.4\mavenLib\io\netty\netty-transport-classes-epoll\4.1.75.Final\netty-transport-classes-epoll-4.1.75.Final.jar;E:\apache-maven-3.8.4-bin\apache-maven-3.8.4\mavenLib\io\netty\netty-transport-native-unix-common\4.1.75.Final\netty-transport-native-unix-common-4.1.75.Final.jar;E:\apache-maven-3.8.4-bin\apache-maven-3.8.4\mavenLib\io\netty\netty-transport-classes-kqueue\4.1.75.Final\netty-transport-classes-kqueue-4.1.75.Final.jar;E:\apache-maven-3.8.4-bin\apache-maven-3.8.4\mavenLib\io\netty\netty-resolver-dns-classes-macos\4.1.75.Final\netty-resolver-dns-classes-macos-4.1.75.Final.jar;E:\apache-maven-3.8.4-bin\apache-maven-3.8.4\mavenLib\io\netty\netty-transport-native-epoll\4.1.75.Final\netty-transport-native-epoll-4.1.75.Final-linux-x86_64.jar;E:\apache-maven-3.8.4-bin\apache-maven-3.8.4\mavenLib\io\netty\netty-transport-native-epoll\4.1.75.Final\netty-transport-native-epoll-4.1.75.Final-linux-aarch_64.jar;E:\apache-maven-3.8.4-bin\apache-maven-3.8.4\mavenLib\io\netty\netty-transport-native-kqueue\4.1.75.Final\netty-transport-native-kqueue-4.1.75.Final-osx-x86_64.jar;E:\apache-maven-3.8.4-bin\apache-maven-3.8.4\mavenLib\io\netty\netty-transport-native-kqueue\4.1.75.Final\netty-transport-native-kqueue-4.1.75.Final-osx-aarch_64.jar;E:\apache-maven-3.8.4-bin\apache-maven-3.8.4\mavenLib\io\netty\netty-resolver-dns-native-macos\4.1.75.Final\netty-resolver-dns-native-macos-4.1.75.Final-osx-x86_64.jar;E:\apache-maven-3.8.4-bin\apache-maven-3.8.4\mavenLib\io\netty\netty-resolver-dns-native-macos\4.1.75.Final\netty-resolver-dns-native-macos-4.1.75.Final-osx-aarch_64.jar;E:\apache-maven-3.8.4-bin\apache-maven-3.8.4\mavenLib\com\google\code\gson\gson\2.8.9\gson-2.8.9.jar;E:\apache-maven-3.8.4-bin\apache-maven-3.8.4\mavenLib\org\yaml\snakeyaml\1.29\snakeyaml-1.29.jar;E:\apache-maven-3.8.4-bin\apache-maven-3.8.4\mavenLib\com\alibaba\fastjson\1.2.70\fastjson-1.2.70.jar;E:\apache-maven-3.8.4-bin\apache-maven-3.8.4\mavenLib\com\101tec\zkclient\0.10\zkclient-0.10.jar;E:\apache-maven-3.8.4-bin\apache-maven-3.8.4\mavenLib\org\slf4j\slf4j-api\1.7.36\slf4j-api-1.7.36.jar;E:\apache-maven-3.8.4-bin\apache-maven-3.8.4\mavenLib\junit\junit\4.13.1\junit-4.13.1.jar;E:\apache-maven-3.8.4-bin\apache-maven-3.8.4\mavenLib\org\hamcrest\hamcrest-core\2.2\hamcrest-core-2.2.jar;E:\apache-maven-3.8.4-bin\apache-maven-3.8.4\mavenLib\org\springframework\boot\spring-boot-starter-test\2.6.5\spring-boot-starter-test-2.6.5.jar;E:\apache-maven-3.8.4-bin\apache-maven-3.8.4\mavenLib\org\springframework\boot\spring-boot-test\2.6.5\spring-boot-test-2.6.5.jar;E:\apache-maven-3.8.4-bin\apache-maven-3.8.4\mavenLib\org\springframework\boot\spring-boot-test-autoconfigure\2.6.5\spring-boot-test-autoconfigure-2.6.5.jar;E:\apache-maven-3.8.4-bin\apache-maven-3.8.4\mavenLib\com\jayway\jsonpath\json-path\2.6.0\json-path-2.6.0.jar;E:\apache-maven-3.8.4-bin\apache-maven-3.8.4\mavenLib\net\minidev\json-smart\2.4.8\json-smart-2.4.8.jar;E:\apache-maven-3.8.4-bin\apache-maven-3.8.4\mavenLib\net\minidev\accessors-smart\2.4.8\accessors-smart-2.4.8.jar;E:\apache-maven-3.8.4-bin\apache-maven-3.8.4\mavenLib\org\ow2\asm\asm\9.1\asm-9.1.jar;E:\apache-maven-3.8.4-bin\apache-maven-3.8.4\mavenLib\jakarta\xml\bind\jakarta.xml.bind-api\2.3.3\jakarta.xml.bind-api-2.3.3.jar;E:\apache-maven-3.8.4-bin\apache-maven-3.8.4\mavenLib\jakarta\activation\jakarta.activation-api\1.2.2\jakarta.activation-api-1.2.2.jar;E:\apache-maven-3.8.4-bin\apache-maven-3.8.4\mavenLib\org\assertj\assertj-core\3.21.0\assertj-core-3.21.0.jar;E:\apache-maven-3.8.4-bin\apache-maven-3.8.4\mavenLib\org\hamcrest\hamcrest\2.2\hamcrest-2.2.jar;E:\apache-maven-3.8.4-bin\apache-maven-3.8.4\mavenLib\org\junit\jupiter\junit-jupiter\5.8.2\junit-jupiter-5.8.2.jar;E:\apache-maven-3.8.4-bin\apache-maven-3.8.4\mavenLib\org\junit\jupiter\junit-jupiter-api\5.8.2\junit-jupiter-api-5.8.2.jar;E:\apache-maven-3.8.4-bin\apache-maven-3.8.4\mavenLib\org\opentest4j\opentest4j\1.2.0\opentest4j-1.2.0.jar;E:\apache-maven-3.8.4-bin\apache-maven-3.8.4\mavenLib\org\junit\platform\junit-platform-commons\1.8.2\junit-platform-commons-1.8.2.jar;E:\apache-maven-3.8.4-bin\apache-maven-3.8.4\mavenLib\org\apiguardian\apiguardian-api\1.1.2\apiguardian-api-1.1.2.jar;E:\apache-maven-3.8.4-bin\apache-maven-3.8.4\mavenLib\org\junit\jupiter\junit-jupiter-params\5.8.2\junit-jupiter-params-5.8.2.jar;E:\apache-maven-3.8.4-bin\apache-maven-3.8.4\mavenLib\org\junit\jupiter\junit-jupiter-engine\5.8.2\junit-jupiter-engine-5.8.2.jar;E:\apache-maven-3.8.4-bin\apache-maven-3.8.4\mavenLib\org\junit\platform\junit-platform-engine\1.8.2\junit-platform-engine-1.8.2.jar;E:\apache-maven-3.8.4-bin\apache-maven-3.8.4\mavenLib\org\mockito\mockito-core\4.0.0\mockito-core-4.0.0.jar;E:\apache-maven-3.8.4-bin\apache-maven-3.8.4\mavenLib\net\bytebuddy\byte-buddy\1.11.22\byte-buddy-1.11.22.jar;E:\apache-maven-3.8.4-bin\apache-maven-3.8.4\mavenLib\net\bytebuddy\byte-buddy-agent\1.11.22\byte-buddy-agent-1.11.22.jar;E:\apache-maven-3.8.4-bin\apache-maven-3.8.4\mavenLib\org\objenesis\objenesis\3.2\objenesis-3.2.jar;E:\apache-maven-3.8.4-bin\apache-maven-3.8.4\mavenLib\org\mockito\mockito-junit-jupiter\4.0.0\mockito-junit-jupiter-4.0.0.jar;E:\apache-maven-3.8.4-bin\apache-maven-3.8.4\mavenLib\org\skyscreamer\jsonassert\1.5.0\jsonassert-1.5.0.jar;E:\apache-maven-3.8.4-bin\apache-maven-3.8.4\mavenLib\com\vaadin\external\google\android-json\0.0.20131108.vaadin1\android-json-0.0.20131108.vaadin1.jar;E:\apache-maven-3.8.4-bin\apache-maven-3.8.4\mavenLib\org\springframework\spring-core\5.3.17\spring-core-5.3.17.jar;E:\apache-maven-3.8.4-bin\apache-maven-3.8.4\mavenLib\org\springframework\spring-jcl\5.3.17\spring-jcl-5.3.17.jar;E:\apache-maven-3.8.4-bin\apache-maven-3.8.4\mavenLib\org\springframework\spring-test\5.3.17\spring-test-5.3.17.jar;E:\apache-maven-3.8.4-bin\apache-maven-3.8.4\mavenLib\org\xmlunit\xmlunit-core\2.8.4\xmlunit-core-2.8.4.jar;E:\apache-maven-3.8.4-bin\apache-maven-3.8.4\mavenLib\org\apache\curator\curator-framework\4.2.0\curator-framework-4.2.0.jar;E:\apache-maven-3.8.4-bin\apache-maven-3.8.4\mavenLib\org\apache\curator\curator-client\4.2.0\curator-client-4.2.0.jar;E:\apache-maven-3.8.4-bin\apache-maven-3.8.4\mavenLib\com\google\guava\guava\27.0.1-jre\guava-27.0.1-jre.jar;E:\apache-maven-3.8.4-bin\apache-maven-3.8.4\mavenLib\com\google\guava\failureaccess\1.0.1\failureaccess-1.0.1.jar;E:\apache-maven-3.8.4-bin\apache-maven-3.8.4\mavenLib\com\google\guava\listenablefuture\9999.0-empty-to-avoid-conflict-with-guava\listenablefuture-9999.0-empty-to-avoid-conflict-with-guava.jar;E:\apache-maven-3.8.4-bin\apache-maven-3.8.4\mavenLib\com\google\code\findbugs\jsr305\3.0.2\jsr305-3.0.2.jar;E:\apache-maven-3.8.4-bin\apache-maven-3.8.4\mavenLib\org\checkerframework\checker-qual\2.5.2\checker-qual-2.5.2.jar;E:\apache-maven-3.8.4-bin\apache-maven-3.8.4\mavenLib\com\google\errorprone\error_prone_annotations\2.2.0\error_prone_annotations-2.2.0.jar;E:\apache-maven-3.8.4-bin\apache-maven-3.8.4\mavenLib\com\google\j2objc\j2objc-annotations\1.1\j2objc-annotations-1.1.jar;E:\apache-maven-3.8.4-bin\apache-maven-3.8.4\mavenLib\org\codehaus\mojo\animal-sniffer-annotations\1.17\animal-sniffer-annotations-1.17.jar;E:\apache-maven-3.8.4-bin\apache-maven-3.8.4\mavenLib\org\apache\curator\curator-recipes\4.2.0\curator-recipes-4.2.0.jar;E:\apache-maven-3.8.4-bin\apache-maven-3.8.4\mavenLib\org\apache\zookeeper\zookeeper\3.6.2\zookeeper-3.6.2.jar;E:\apache-maven-3.8.4-bin\apache-maven-3.8.4\mavenLib\commons-lang\commons-lang\2.6\commons-lang-2.6.jar;E:\apache-maven-3.8.4-bin\apache-maven-3.8.4\mavenLib\org\apache\zookeeper\zookeeper-jute\3.6.2\zookeeper-jute-3.6.2.jar;E:\apache-maven-3.8.4-bin\apache-maven-3.8.4\mavenLib\org\apache\yetus\audience-annotations\0.5.0\audience-annotations-0.5.0.jar;E:\apache-maven-3.8.4-bin\apache-maven-3.8.4\mavenLib\io\netty\netty-handler\4.1.75.Final\netty-handler-4.1.75.Final.jar;E:\apache-maven-3.8.4-bin\apache-maven-3.8.4\mavenLib\io\netty\netty-transport-native-epoll\4.1.75.Final\netty-transport-native-epoll-4.1.75.Final.jar;E:\apache-maven-3.8.4-bin\apache-maven-3.8.4\mavenLib\log4j\log4j\1.2.17\log4j-1.2.17.jar;E:\apache-maven-3.8.4-bin\apache-maven-3.8.4\mavenLib\org\springframework\boot\spring-boot-autoconfigure\2.6.6\spring-boot-autoconfigure-2.6.6.jar;E:\apache-maven-3.8.4-bin\apache-maven-3.8.4\mavenLib\org\springframework\boot\spring-boot\2.6.5\spring-boot-2.6.5.jar;"/>
    <property name="java.vm.vendor" value="Oracle Corporation"/>
    <property name="sun.arch.data.model" value="64"/>
    <property name="user.variant" value=""/>
    <property name="java.vendor.url" value="http://java.oracle.com/"/>
    <property name="user.timezone" value="Asia/Shanghai"/>
    <property name="java.vm.specification.version" value="1.8"/>
    <property name="os.name" value="Windows 10"/>
    <property name="user.country" value="CN"/>
    <property name="sun.java.launcher" value="SUN_STANDARD"/>
    <property name="sun.boot.library.path" value="C:\Program Files\Java\jdk1.8.0_321\jre\bin"/>
    <property name="sun.java.command" value="C:\Users\xuhe3\AppData\Local\Temp\surefire6558259489566482548\surefirebooter7766425663078969941.jar C:\Users\xuhe3\AppData\Local\Temp\surefire6558259489566482548 2022-04-12T00-27-36_601-jvmRun1 surefire3182570426670287904tmp surefire_0373838960471976946tmp"/>
    <property name="surefire.test.class.path" value="E:\IntelliJ IDEA 2021.3.1\springboot\dubbo_zookeeper\consumer-server\target\test-classes;E:\IntelliJ IDEA 2021.3.1\springboot\dubbo_zookeeper\consumer-server\target\classes;E:\apache-maven-3.8.4-bin\apache-maven-3.8.4\mavenLib\org\springframework\boot\spring-boot-starter-web\2.6.3\spring-boot-starter-web-2.6.3.jar;E:\apache-maven-3.8.4-bin\apache-maven-3.8.4\mavenLib\org\springframework\boot\spring-boot-starter\2.6.5\spring-boot-starter-2.6.5.jar;E:\apache-maven-3.8.4-bin\apache-maven-3.8.4\mavenLib\org\springframework\boot\spring-boot-starter-logging\2.6.5\spring-boot-starter-logging-2.6.5.jar;E:\apache-maven-3.8.4-bin\apache-maven-3.8.4\mavenLib\ch\qos\logback\logback-classic\1.2.11\logback-classic-1.2.11.jar;E:\apache-maven-3.8.4-bin\apache-maven-3.8.4\mavenLib\ch\qos\logback\logback-core\1.2.11\logback-core-1.2.11.jar;E:\apache-maven-3.8.4-bin\apache-maven-3.8.4\mavenLib\org\apache\logging\log4j\log4j-to-slf4j\2.17.2\log4j-to-slf4j-2.17.2.jar;E:\apache-maven-3.8.4-bin\apache-maven-3.8.4\mavenLib\org\apache\logging\log4j\log4j-api\2.17.2\log4j-api-2.17.2.jar;E:\apache-maven-3.8.4-bin\apache-maven-3.8.4\mavenLib\org\slf4j\jul-to-slf4j\1.7.36\jul-to-slf4j-1.7.36.jar;E:\apache-maven-3.8.4-bin\apache-maven-3.8.4\mavenLib\jakarta\annotation\jakarta.annotation-api\1.3.5\jakarta.annotation-api-1.3.5.jar;E:\apache-maven-3.8.4-bin\apache-maven-3.8.4\mavenLib\org\springframework\boot\spring-boot-starter-json\2.6.5\spring-boot-starter-json-2.6.5.jar;E:\apache-maven-3.8.4-bin\apache-maven-3.8.4\mavenLib\com\fasterxml\jackson\core\jackson-databind\2.13.2\jackson-databind-2.13.2.jar;E:\apache-maven-3.8.4-bin\apache-maven-3.8.4\mavenLib\com\fasterxml\jackson\core\jackson-annotations\2.13.2\jackson-annotations-2.13.2.jar;E:\apache-maven-3.8.4-bin\apache-maven-3.8.4\mavenLib\com\fasterxml\jackson\core\jackson-core\2.13.2\jackson-core-2.13.2.jar;E:\apache-maven-3.8.4-bin\apache-maven-3.8.4\mavenLib\com\fasterxml\jackson\datatype\jackson-datatype-jdk8\2.13.2\jackson-datatype-jdk8-2.13.2.jar;E:\apache-maven-3.8.4-bin\apache-maven-3.8.4\mavenLib\com\fasterxml\jackson\datatype\jackson-datatype-jsr310\2.13.2\jackson-datatype-jsr310-2.13.2.jar;E:\apache-maven-3.8.4-bin\apache-maven-3.8.4\mavenLib\com\fasterxml\jackson\module\jackson-module-parameter-names\2.13.2\jackson-module-parameter-names-2.13.2.jar;E:\apache-maven-3.8.4-bin\apache-maven-3.8.4\mavenLib\org\springframework\boot\spring-boot-starter-tomcat\2.6.5\spring-boot-starter-tomcat-2.6.5.jar;E:\apache-maven-3.8.4-bin\apache-maven-3.8.4\mavenLib\org\apache\tomcat\embed\tomcat-embed-core\9.0.60\tomcat-embed-core-9.0.60.jar;E:\apache-maven-3.8.4-bin\apache-maven-3.8.4\mavenLib\org\apache\tomcat\embed\tomcat-embed-el\9.0.60\tomcat-embed-el-9.0.60.jar;E:\apache-maven-3.8.4-bin\apache-maven-3.8.4\mavenLib\org\apache\tomcat\embed\tomcat-embed-websocket\9.0.60\tomcat-embed-websocket-9.0.60.jar;E:\apache-maven-3.8.4-bin\apache-maven-3.8.4\mavenLib\org\springframework\spring-web\5.3.17\spring-web-5.3.17.jar;E:\apache-maven-3.8.4-bin\apache-maven-3.8.4\mavenLib\org\springframework\spring-beans\5.3.17\spring-beans-5.3.17.jar;E:\apache-maven-3.8.4-bin\apache-maven-3.8.4\mavenLib\org\springframework\spring-webmvc\5.3.17\spring-webmvc-5.3.17.jar;E:\apache-maven-3.8.4-bin\apache-maven-3.8.4\mavenLib\org\springframework\spring-aop\5.3.17\spring-aop-5.3.17.jar;E:\apache-maven-3.8.4-bin\apache-maven-3.8.4\mavenLib\org\springframework\spring-expression\5.3.17\spring-expression-5.3.17.jar;E:\apache-maven-3.8.4-bin\apache-maven-3.8.4\mavenLib\org\apache\dubbo\dubbo\2.7.15\dubbo-2.7.15.jar;E:\apache-maven-3.8.4-bin\apache-maven-3.8.4\mavenLib\org\springframework\spring-context\5.3.17\spring-context-5.3.17.jar;E:\apache-maven-3.8.4-bin\apache-maven-3.8.4\mavenLib\com\alibaba\spring\spring-context-support\1.0.11\spring-context-support-1.0.11.jar;E:\apache-maven-3.8.4-bin\apache-maven-3.8.4\mavenLib\org\javassist\javassist\3.23.1-GA\javassist-3.23.1-GA.jar;E:\apache-maven-3.8.4-bin\apache-maven-3.8.4\mavenLib\io\netty\netty-all\4.1.75.Final\netty-all-4.1.75.Final.jar;E:\apache-maven-3.8.4-bin\apache-maven-3.8.4\mavenLib\io\netty\netty-buffer\4.1.75.Final\netty-buffer-4.1.75.Final.jar;E:\apache-maven-3.8.4-bin\apache-maven-3.8.4\mavenLib\io\netty\netty-codec\4.1.75.Final\netty-codec-4.1.75.Final.jar;E:\apache-maven-3.8.4-bin\apache-maven-3.8.4\mavenLib\io\netty\netty-codec-dns\4.1.75.Final\netty-codec-dns-4.1.75.Final.jar;E:\apache-maven-3.8.4-bin\apache-maven-3.8.4\mavenLib\io\netty\netty-codec-haproxy\4.1.75.Final\netty-codec-haproxy-4.1.75.Final.jar;E:\apache-maven-3.8.4-bin\apache-maven-3.8.4\mavenLib\io\netty\netty-codec-http\4.1.75.Final\netty-codec-http-4.1.75.Final.jar;E:\apache-maven-3.8.4-bin\apache-maven-3.8.4\mavenLib\io\netty\netty-codec-http2\4.1.75.Final\netty-codec-http2-4.1.75.Final.jar;E:\apache-maven-3.8.4-bin\apache-maven-3.8.4\mavenLib\io\netty\netty-codec-memcache\4.1.75.Final\netty-codec-memcache-4.1.75.Final.jar;E:\apache-maven-3.8.4-bin\apache-maven-3.8.4\mavenLib\io\netty\netty-codec-mqtt\4.1.75.Final\netty-codec-mqtt-4.1.75.Final.jar;E:\apache-maven-3.8.4-bin\apache-maven-3.8.4\mavenLib\io\netty\netty-codec-redis\4.1.75.Final\netty-codec-redis-4.1.75.Final.jar;E:\apache-maven-3.8.4-bin\apache-maven-3.8.4\mavenLib\io\netty\netty-codec-smtp\4.1.75.Final\netty-codec-smtp-4.1.75.Final.jar;E:\apache-maven-3.8.4-bin\apache-maven-3.8.4\mavenLib\io\netty\netty-codec-socks\4.1.75.Final\netty-codec-socks-4.1.75.Final.jar;E:\apache-maven-3.8.4-bin\apache-maven-3.8.4\mavenLib\io\netty\netty-codec-stomp\4.1.75.Final\netty-codec-stomp-4.1.75.Final.jar;E:\apache-maven-3.8.4-bin\apache-maven-3.8.4\mavenLib\io\netty\netty-codec-xml\4.1.75.Final\netty-codec-xml-4.1.75.Final.jar;E:\apache-maven-3.8.4-bin\apache-maven-3.8.4\mavenLib\io\netty\netty-common\4.1.75.Final\netty-common-4.1.75.Final.jar;E:\apache-maven-3.8.4-bin\apache-maven-3.8.4\mavenLib\io\netty\netty-handler-proxy\4.1.75.Final\netty-handler-proxy-4.1.75.Final.jar;E:\apache-maven-3.8.4-bin\apache-maven-3.8.4\mavenLib\io\netty\netty-resolver\4.1.75.Final\netty-resolver-4.1.75.Final.jar;E:\apache-maven-3.8.4-bin\apache-maven-3.8.4\mavenLib\io\netty\netty-resolver-dns\4.1.75.Final\netty-resolver-dns-4.1.75.Final.jar;E:\apache-maven-3.8.4-bin\apache-maven-3.8.4\mavenLib\io\netty\netty-transport\4.1.75.Final\netty-transport-4.1.75.Final.jar;E:\apache-maven-3.8.4-bin\apache-maven-3.8.4\mavenLib\io\netty\netty-transport-rxtx\4.1.75.Final\netty-transport-rxtx-4.1.75.Final.jar;E:\apache-maven-3.8.4-bin\apache-maven-3.8.4\mavenLib\io\netty\netty-transport-sctp\4.1.75.Final\netty-transport-sctp-4.1.75.Final.jar;E:\apache-maven-3.8.4-bin\apache-maven-3.8.4\mavenLib\io\netty\netty-transport-udt\4.1.75.Final\netty-transport-udt-4.1.75.Final.jar;E:\apache-maven-3.8.4-bin\apache-maven-3.8.4\mavenLib\io\netty\netty-transport-classes-epoll\4.1.75.Final\netty-transport-classes-epoll-4.1.75.Final.jar;E:\apache-maven-3.8.4-bin\apache-maven-3.8.4\mavenLib\io\netty\netty-transport-native-unix-common\4.1.75.Final\netty-transport-native-unix-common-4.1.75.Final.jar;E:\apache-maven-3.8.4-bin\apache-maven-3.8.4\mavenLib\io\netty\netty-transport-classes-kqueue\4.1.75.Final\netty-transport-classes-kqueue-4.1.75.Final.jar;E:\apache-maven-3.8.4-bin\apache-maven-3.8.4\mavenLib\io\netty\netty-resolver-dns-classes-macos\4.1.75.Final\netty-resolver-dns-classes-macos-4.1.75.Final.jar;E:\apache-maven-3.8.4-bin\apache-maven-3.8.4\mavenLib\io\netty\netty-transport-native-epoll\4.1.75.Final\netty-transport-native-epoll-4.1.75.Final-linux-x86_64.jar;E:\apache-maven-3.8.4-bin\apache-maven-3.8.4\mavenLib\io\netty\netty-transport-native-epoll\4.1.75.Final\netty-transport-native-epoll-4.1.75.Final-linux-aarch_64.jar;E:\apache-maven-3.8.4-bin\apache-maven-3.8.4\mavenLib\io\netty\netty-transport-native-kqueue\4.1.75.Final\netty-transport-native-kqueue-4.1.75.Final-osx-x86_64.jar;E:\apache-maven-3.8.4-bin\apache-maven-3.8.4\mavenLib\io\netty\netty-transport-native-kqueue\4.1.75.Final\netty-transport-native-kqueue-4.1.75.Final-osx-aarch_64.jar;E:\apache-maven-3.8.4-bin\apache-maven-3.8.4\mavenLib\io\netty\netty-resolver-dns-native-macos\4.1.75.Final\netty-resolver-dns-native-macos-4.1.75.Final-osx-x86_64.jar;E:\apache-maven-3.8.4-bin\apache-maven-3.8.4\mavenLib\io\netty\netty-resolver-dns-native-macos\4.1.75.Final\netty-resolver-dns-native-macos-4.1.75.Final-osx-aarch_64.jar;E:\apache-maven-3.8.4-bin\apache-maven-3.8.4\mavenLib\com\google\code\gson\gson\2.8.9\gson-2.8.9.jar;E:\apache-maven-3.8.4-bin\apache-maven-3.8.4\mavenLib\org\yaml\snakeyaml\1.29\snakeyaml-1.29.jar;E:\apache-maven-3.8.4-bin\apache-maven-3.8.4\mavenLib\com\alibaba\fastjson\1.2.70\fastjson-1.2.70.jar;E:\apache-maven-3.8.4-bin\apache-maven-3.8.4\mavenLib\com\101tec\zkclient\0.10\zkclient-0.10.jar;E:\apache-maven-3.8.4-bin\apache-maven-3.8.4\mavenLib\org\slf4j\slf4j-api\1.7.36\slf4j-api-1.7.36.jar;E:\apache-maven-3.8.4-bin\apache-maven-3.8.4\mavenLib\junit\junit\4.13.1\junit-4.13.1.jar;E:\apache-maven-3.8.4-bin\apache-maven-3.8.4\mavenLib\org\hamcrest\hamcrest-core\2.2\hamcrest-core-2.2.jar;E:\apache-maven-3.8.4-bin\apache-maven-3.8.4\mavenLib\org\springframework\boot\spring-boot-starter-test\2.6.5\spring-boot-starter-test-2.6.5.jar;E:\apache-maven-3.8.4-bin\apache-maven-3.8.4\mavenLib\org\springframework\boot\spring-boot-test\2.6.5\spring-boot-test-2.6.5.jar;E:\apache-maven-3.8.4-bin\apache-maven-3.8.4\mavenLib\org\springframework\boot\spring-boot-test-autoconfigure\2.6.5\spring-boot-test-autoconfigure-2.6.5.jar;E:\apache-maven-3.8.4-bin\apache-maven-3.8.4\mavenLib\com\jayway\jsonpath\json-path\2.6.0\json-path-2.6.0.jar;E:\apache-maven-3.8.4-bin\apache-maven-3.8.4\mavenLib\net\minidev\json-smart\2.4.8\json-smart-2.4.8.jar;E:\apache-maven-3.8.4-bin\apache-maven-3.8.4\mavenLib\net\minidev\accessors-smart\2.4.8\accessors-smart-2.4.8.jar;E:\apache-maven-3.8.4-bin\apache-maven-3.8.4\mavenLib\org\ow2\asm\asm\9.1\asm-9.1.jar;E:\apache-maven-3.8.4-bin\apache-maven-3.8.4\mavenLib\jakarta\xml\bind\jakarta.xml.bind-api\2.3.3\jakarta.xml.bind-api-2.3.3.jar;E:\apache-maven-3.8.4-bin\apache-maven-3.8.4\mavenLib\jakarta\activation\jakarta.activation-api\1.2.2\jakarta.activation-api-1.2.2.jar;E:\apache-maven-3.8.4-bin\apache-maven-3.8.4\mavenLib\org\assertj\assertj-core\3.21.0\assertj-core-3.21.0.jar;E:\apache-maven-3.8.4-bin\apache-maven-3.8.4\mavenLib\org\hamcrest\hamcrest\2.2\hamcrest-2.2.jar;E:\apache-maven-3.8.4-bin\apache-maven-3.8.4\mavenLib\org\junit\jupiter\junit-jupiter\5.8.2\junit-jupiter-5.8.2.jar;E:\apache-maven-3.8.4-bin\apache-maven-3.8.4\mavenLib\org\junit\jupiter\junit-jupiter-api\5.8.2\junit-jupiter-api-5.8.2.jar;E:\apache-maven-3.8.4-bin\apache-maven-3.8.4\mavenLib\org\opentest4j\opentest4j\1.2.0\opentest4j-1.2.0.jar;E:\apache-maven-3.8.4-bin\apache-maven-3.8.4\mavenLib\org\junit\platform\junit-platform-commons\1.8.2\junit-platform-commons-1.8.2.jar;E:\apache-maven-3.8.4-bin\apache-maven-3.8.4\mavenLib\org\apiguardian\apiguardian-api\1.1.2\apiguardian-api-1.1.2.jar;E:\apache-maven-3.8.4-bin\apache-maven-3.8.4\mavenLib\org\junit\jupiter\junit-jupiter-params\5.8.2\junit-jupiter-params-5.8.2.jar;E:\apache-maven-3.8.4-bin\apache-maven-3.8.4\mavenLib\org\junit\jupiter\junit-jupiter-engine\5.8.2\junit-jupiter-engine-5.8.2.jar;E:\apache-maven-3.8.4-bin\apache-maven-3.8.4\mavenLib\org\junit\platform\junit-platform-engine\1.8.2\junit-platform-engine-1.8.2.jar;E:\apache-maven-3.8.4-bin\apache-maven-3.8.4\mavenLib\org\mockito\mockito-core\4.0.0\mockito-core-4.0.0.jar;E:\apache-maven-3.8.4-bin\apache-maven-3.8.4\mavenLib\net\bytebuddy\byte-buddy\1.11.22\byte-buddy-1.11.22.jar;E:\apache-maven-3.8.4-bin\apache-maven-3.8.4\mavenLib\net\bytebuddy\byte-buddy-agent\1.11.22\byte-buddy-agent-1.11.22.jar;E:\apache-maven-3.8.4-bin\apache-maven-3.8.4\mavenLib\org\objenesis\objenesis\3.2\objenesis-3.2.jar;E:\apache-maven-3.8.4-bin\apache-maven-3.8.4\mavenLib\org\mockito\mockito-junit-jupiter\4.0.0\mockito-junit-jupiter-4.0.0.jar;E:\apache-maven-3.8.4-bin\apache-maven-3.8.4\mavenLib\org\skyscreamer\jsonassert\1.5.0\jsonassert-1.5.0.jar;E:\apache-maven-3.8.4-bin\apache-maven-3.8.4\mavenLib\com\vaadin\external\google\android-json\0.0.20131108.vaadin1\android-json-0.0.20131108.vaadin1.jar;E:\apache-maven-3.8.4-bin\apache-maven-3.8.4\mavenLib\org\springframework\spring-core\5.3.17\spring-core-5.3.17.jar;E:\apache-maven-3.8.4-bin\apache-maven-3.8.4\mavenLib\org\springframework\spring-jcl\5.3.17\spring-jcl-5.3.17.jar;E:\apache-maven-3.8.4-bin\apache-maven-3.8.4\mavenLib\org\springframework\spring-test\5.3.17\spring-test-5.3.17.jar;E:\apache-maven-3.8.4-bin\apache-maven-3.8.4\mavenLib\org\xmlunit\xmlunit-core\2.8.4\xmlunit-core-2.8.4.jar;E:\apache-maven-3.8.4-bin\apache-maven-3.8.4\mavenLib\org\apache\curator\curator-framework\4.2.0\curator-framework-4.2.0.jar;E:\apache-maven-3.8.4-bin\apache-maven-3.8.4\mavenLib\org\apache\curator\curator-client\4.2.0\curator-client-4.2.0.jar;E:\apache-maven-3.8.4-bin\apache-maven-3.8.4\mavenLib\com\google\guava\guava\27.0.1-jre\guava-27.0.1-jre.jar;E:\apache-maven-3.8.4-bin\apache-maven-3.8.4\mavenLib\com\google\guava\failureaccess\1.0.1\failureaccess-1.0.1.jar;E:\apache-maven-3.8.4-bin\apache-maven-3.8.4\mavenLib\com\google\guava\listenablefuture\9999.0-empty-to-avoid-conflict-with-guava\listenablefuture-9999.0-empty-to-avoid-conflict-with-guava.jar;E:\apache-maven-3.8.4-bin\apache-maven-3.8.4\mavenLib\com\google\code\findbugs\jsr305\3.0.2\jsr305-3.0.2.jar;E:\apache-maven-3.8.4-bin\apache-maven-3.8.4\mavenLib\org\checkerframework\checker-qual\2.5.2\checker-qual-2.5.2.jar;E:\apache-maven-3.8.4-bin\apache-maven-3.8.4\mavenLib\com\google\errorprone\error_prone_annotations\2.2.0\error_prone_annotations-2.2.0.jar;E:\apache-maven-3.8.4-bin\apache-maven-3.8.4\mavenLib\com\google\j2objc\j2objc-annotations\1.1\j2objc-annotations-1.1.jar;E:\apache-maven-3.8.4-bin\apache-maven-3.8.4\mavenLib\org\codehaus\mojo\animal-sniffer-annotations\1.17\animal-sniffer-annotations-1.17.jar;E:\apache-maven-3.8.4-bin\apache-maven-3.8.4\mavenLib\org\apache\curator\curator-recipes\4.2.0\curator-recipes-4.2.0.jar;E:\apache-maven-3.8.4-bin\apache-maven-3.8.4\mavenLib\org\apache\zookeeper\zookeeper\3.6.2\zookeeper-3.6.2.jar;E:\apache-maven-3.8.4-bin\apache-maven-3.8.4\mavenLib\commons-lang\commons-lang\2.6\commons-lang-2.6.jar;E:\apache-maven-3.8.4-bin\apache-maven-3.8.4\mavenLib\org\apache\zookeeper\zookeeper-jute\3.6.2\zookeeper-jute-3.6.2.jar;E:\apache-maven-3.8.4-bin\apache-maven-3.8.4\mavenLib\org\apache\yetus\audience-annotations\0.5.0\audience-annotations-0.5.0.jar;E:\apache-maven-3.8.4-bin\apache-maven-3.8.4\mavenLib\io\netty\netty-handler\4.1.75.Final\netty-handler-4.1.75.Final.jar;E:\apache-maven-3.8.4-bin\apache-maven-3.8.4\mavenLib\io\netty\netty-transport-native-epoll\4.1.75.Final\netty-transport-native-epoll-4.1.75.Final.jar;E:\apache-maven-3.8.4-bin\apache-maven-3.8.4\mavenLib\log4j\log4j\1.2.17\log4j-1.2.17.jar;E:\apache-maven-3.8.4-bin\apache-maven-3.8.4\mavenLib\org\springframework\boot\spring-boot-autoconfigure\2.6.6\spring-boot-autoconfigure-2.6.6.jar;E:\apache-maven-3.8.4-bin\apache-maven-3.8.4\mavenLib\org\springframework\boot\spring-boot\2.6.5\spring-boot-2.6.5.jar;"/>
    <property name="sun.cpu.endian" value="little"/>
    <property name="user.home" value="C:\Users\xuhe3"/>
    <property name="user.language" value="zh"/>
    <property name="java.specification.vendor" value="Oracle Corporation"/>
    <property name="java.home" value="C:\Program Files\Java\jdk1.8.0_321\jre"/>
    <property name="basedir" value="E:\IntelliJ IDEA 2021.3.1\springboot\dubbo_zookeeper\consumer-server"/>
    <property name="file.separator" value="\"/>
    <property name="line.separator" value="&#10;"/>
    <property name="java.vm.specification.vendor" value="Oracle Corporation"/>
    <property name="java.specification.name" value="Java Platform API Specification"/>
    <property name="java.awt.graphicsenv" value="sun.awt.Win32GraphicsEnvironment"/>
    <property name="surefire.real.class.path" value="C:\Users\xuhe3\AppData\Local\Temp\surefire6558259489566482548\surefirebooter7766425663078969941.jar"/>
    <property name="sun.boot.class.path" value="C:\Program Files\Java\jdk1.8.0_321\jre\lib\resources.jar;C:\Program Files\Java\jdk1.8.0_321\jre\lib\rt.jar;C:\Program Files\Java\jdk1.8.0_321\jre\lib\sunrsasign.jar;C:\Program Files\Java\jdk1.8.0_321\jre\lib\jsse.jar;C:\Program Files\Java\jdk1.8.0_321\jre\lib\jce.jar;C:\Program Files\Java\jdk1.8.0_321\jre\lib\charsets.jar;C:\Program Files\Java\jdk1.8.0_321\jre\lib\jfr.jar;C:\Program Files\Java\jdk1.8.0_321\jre\classes"/>
    <property name="user.script" value=""/>
    <property name="sun.management.compiler" value="HotSpot 64-Bit Tiered Compilers"/>
    <property name="java.runtime.version" value="1.8.0_321-b07"/>
    <property name="user.name" value="xuhe3"/>
    <property name="path.separator" value=";"/>
    <property name="os.version" value="10.0"/>
    <property name="java.endorsed.dirs" value="C:\Program Files\Java\jdk1.8.0_321\jre\lib\endorsed"/>
    <property name="java.runtime.name" value="Java(TM) SE Runtime Environment"/>
    <property name="file.encoding" value="GBK"/>
    <property name="java.vm.name" value="Java HotSpot(TM) 64-Bit Server VM"/>
    <property name="localRepository" value="E:\apache-maven-3.8.4-bin\apache-maven-3.8.4\mavenLib"/>
    <property name="java.vendor.url.bug" value="http://bugreport.sun.com/bugreport/"/>
    <property name="java.io.tmpdir" value="C:\Users\xuhe3\AppData\Local\Temp\"/>
    <property name="idea.version" value="2021.3.1"/>
    <property name="java.version" value="1.8.0_321"/>
    <property name="user.dir" value="E:\IntelliJ IDEA 2021.3.1\springboot\dubbo_zookeeper\consumer-server"/>
    <property name="os.arch" value="amd64"/>
    <property name="java.vm.specification.name" value="Java Virtual Machine Specification"/>
    <property name="java.awt.printerjob" value="sun.awt.windows.WPrinterJob"/>
    <property name="sun.os.patch.level" value=""/>
    <property name="java.library.path" value="C:\Program Files\Java\jdk1.8.0_321\jre\bin;C:\WINDOWS\Sun\Java\bin;C:\WINDOWS\system32;C:\WINDOWS;C:\Program Files (x86)\VMware\VMware Workstation\bin\;C:\Program Files (x86)\Common Files\Oracle\Java\javapath;C:\WINDOWS\system32;C:\WINDOWS;C:\WINDOWS\System32\Wbem;C:\WINDOWS\System32\WindowsPowerShell\v1.0\;C:\WINDOWS\System32\OpenSSH\;C:\Program Files\Java\jdk1.8.0_321\bin;C:\Program Files\Java\jdk1.8.0_321\jre\bin;E:\mysql\bin;E:\apache-maven-3.8.4-bin\apache-maven-3.8.4\bin;C:\Program Files\nodejs\;C:\Program Files\MySQL\MySQL Shell 8.0\bin\;C:\Users\xuhe3\AppData\Local\Microsoft\WindowsApps;C:\Users\xuhe3\AppData\Roaming\npm;."/>
    <property name="java.vm.info" value="mixed mode"/>
    <property name="java.vendor" value="Oracle Corporation"/>
    <property name="java.vm.version" value="25.321-b07"/>
    <property name="java.ext.dirs" value="C:\Program Files\Java\jdk1.8.0_321\jre\lib\ext;C:\WINDOWS\Sun\Java\lib\ext"/>
    <property name="sun.io.unicode.encoding" value="UnicodeLittle"/>
    <property name="maven.repo.local" value="E:\apache-maven-3.8.4-bin\apache-maven-3.8.4\mavenLib"/>
    <property name="java.class.version" value="52.0"/>
  </properties>
  <testcase name="test" classname="com.xcc.ConsumerServerApplicationTests" time="0.72"/>
</testsuite>